c:\users\sophriel\onedrive - 홍익대학교\홍익대학교\코딩\컴퓨터 그래픽스 실습 예진짱 슈퍼 업그레이드버전\b577027 이재형 homework 4\b577027 이재형 homework 4\debug\vc141.pdb
c:\users\sophriel\onedrive - 홍익대학교\홍익대학교\코딩\컴퓨터 그래픽스 실습 예진짱 슈퍼 업그레이드버전\b577027 이재형 homework 4\b577027 이재형 homework 4\debug\vc141.idb
c:\users\sophriel\onedrive - 홍익대학교\홍익대학교\코딩\컴퓨터 그래픽스 실습 예진짱 슈퍼 업그레이드버전\b577027 이재형 homework 4\b577027 이재형 homework 4\debug\cameraclass.obj
c:\users\sophriel\onedrive - 홍익대학교\홍익대학교\코딩\컴퓨터 그래픽스 실습 예진짱 슈퍼 업그레이드버전\b577027 이재형 homework 4\b577027 이재형 homework 4\debug\timerclass.obj
c:\users\sophriel\onedrive - 홍익대학교\홍익대학교\코딩\컴퓨터 그래픽스 실습 예진짱 슈퍼 업그레이드버전\b577027 이재형 homework 4\b577027 이재형 homework 4\debug\textureclass.obj
c:\users\sophriel\onedrive - 홍익대학교\홍익대학교\코딩\컴퓨터 그래픽스 실습 예진짱 슈퍼 업그레이드버전\b577027 이재형 homework 4\b577027 이재형 homework 4\debug\textclass.obj
c:\users\sophriel\onedrive - 홍익대학교\홍익대학교\코딩\컴퓨터 그래픽스 실습 예진짱 슈퍼 업그레이드버전\b577027 이재형 homework 4\b577027 이재형 homework 4\debug\systemclass.obj
c:\users\sophriel\onedrive - 홍익대학교\홍익대학교\코딩\컴퓨터 그래픽스 실습 예진짱 슈퍼 업그레이드버전\b577027 이재형 homework 4\b577027 이재형 homework 4\debug\skyboxclass.obj
c:\users\sophriel\onedrive - 홍익대학교\홍익대학교\코딩\컴퓨터 그래픽스 실습 예진짱 슈퍼 업그레이드버전\b577027 이재형 homework 4\b577027 이재형 homework 4\debug\odeclass.obj
c:\users\sophriel\onedrive - 홍익대학교\홍익대학교\코딩\컴퓨터 그래픽스 실습 예진짱 슈퍼 업그레이드버전\b577027 이재형 homework 4\b577027 이재형 homework 4\debug\objparser.obj
c:\users\sophriel\onedrive - 홍익대학교\홍익대학교\코딩\컴퓨터 그래픽스 실습 예진짱 슈퍼 업그레이드버전\b577027 이재형 homework 4\b577027 이재형 homework 4\debug\modelclass.obj
c:\users\sophriel\onedrive - 홍익대학교\홍익대학교\코딩\컴퓨터 그래픽스 실습 예진짱 슈퍼 업그레이드버전\b577027 이재형 homework 4\b577027 이재형 homework 4\debug\main.obj
c:\users\sophriel\onedrive - 홍익대학교\홍익대학교\코딩\컴퓨터 그래픽스 실습 예진짱 슈퍼 업그레이드버전\b577027 이재형 homework 4\b577027 이재형 homework 4\debug\lightshaderclass.obj
c:\users\sophriel\onedrive - 홍익대학교\홍익대학교\코딩\컴퓨터 그래픽스 실습 예진짱 슈퍼 업그레이드버전\b577027 이재형 homework 4\b577027 이재형 homework 4\debug\lightclass.obj
c:\users\sophriel\onedrive - 홍익대학교\홍익대학교\코딩\컴퓨터 그래픽스 실습 예진짱 슈퍼 업그레이드버전\b577027 이재형 homework 4\b577027 이재형 homework 4\debug\inputclass.obj
c:\users\sophriel\onedrive - 홍익대학교\홍익대학교\코딩\컴퓨터 그래픽스 실습 예진짱 슈퍼 업그레이드버전\b577027 이재형 homework 4\b577027 이재형 homework 4\debug\graphicsclass.obj
c:\users\sophriel\onedrive - 홍익대학교\홍익대학교\코딩\컴퓨터 그래픽스 실습 예진짱 슈퍼 업그레이드버전\b577027 이재형 homework 4\b577027 이재형 homework 4\debug\fpsclass.obj
c:\users\sophriel\onedrive - 홍익대학교\홍익대학교\코딩\컴퓨터 그래픽스 실습 예진짱 슈퍼 업그레이드버전\b577027 이재형 homework 4\b577027 이재형 homework 4\debug\fontshaderclass.obj
c:\users\sophriel\onedrive - 홍익대학교\홍익대학교\코딩\컴퓨터 그래픽스 실습 예진짱 슈퍼 업그레이드버전\b577027 이재형 homework 4\b577027 이재형 homework 4\debug\fontclass.obj
c:\users\sophriel\onedrive - 홍익대학교\홍익대학교\코딩\컴퓨터 그래픽스 실습 예진짱 슈퍼 업그레이드버전\b577027 이재형 homework 4\b577027 이재형 homework 4\debug\d3dclass.obj
c:\users\sophriel\onedrive - 홍익대학교\홍익대학교\코딩\컴퓨터 그래픽스 실습 예진짱 슈퍼 업그레이드버전\b577027 이재형 homework 4\b577027 이재형 homework 4\debug\cpuclass.obj
c:\users\sophriel\onedrive - 홍익대학교\홍익대학교\코딩\컴퓨터 그래픽스 실습 예진짱 슈퍼 업그레이드버전\b577027 이재형 homework 4\debug\b577027 이재형 homework 4.pdb
c:\users\sophriel\onedrive - 홍익대학교\홍익대학교\코딩\컴퓨터 그래픽스 실습 예진짱 슈퍼 업그레이드버전\b577027 이재형 homework 4\b577027 이재형 homework 4\debug\b577027 .64d84e4e.tlog\cl.command.1.tlog
c:\users\sophriel\onedrive - 홍익대학교\홍익대학교\코딩\컴퓨터 그래픽스 실습 예진짱 슈퍼 업그레이드버전\b577027 이재형 homework 4\b577027 이재형 homework 4\debug\b577027 .64d84e4e.tlog\cl.read.1.tlog
c:\users\sophriel\onedrive - 홍익대학교\홍익대학교\코딩\컴퓨터 그래픽스 실습 예진짱 슈퍼 업그레이드버전\b577027 이재형 homework 4\b577027 이재형 homework 4\debug\b577027 .64d84e4e.tlog\cl.write.1.tlog
c:\users\sophriel\onedrive - 홍익대학교\홍익대학교\코딩\컴퓨터 그래픽스 실습 예진짱 슈퍼 업그레이드버전\b577027 이재형 homework 4\b577027 이재형 homework 4\debug\b577027 .64d84e4e.tlog\link-cvtres.read.1.tlog
c:\users\sophriel\onedrive - 홍익대학교\홍익대학교\코딩\컴퓨터 그래픽스 실습 예진짱 슈퍼 업그레이드버전\b577027 이재형 homework 4\b577027 이재형 homework 4\debug\b577027 .64d84e4e.tlog\link-cvtres.write.1.tlog
c:\users\sophriel\onedrive - 홍익대학교\홍익대학교\코딩\컴퓨터 그래픽스 실습 예진짱 슈퍼 업그레이드버전\b577027 이재형 homework 4\b577027 이재형 homework 4\debug\b577027 .64d84e4e.tlog\link-rc.read.1.tlog
c:\users\sophriel\onedrive - 홍익대학교\홍익대학교\코딩\컴퓨터 그래픽스 실습 예진짱 슈퍼 업그레이드버전\b577027 이재형 homework 4\b577027 이재형 homework 4\debug\b577027 .64d84e4e.tlog\link-rc.write.1.tlog
c:\users\sophriel\onedrive - 홍익대학교\홍익대학교\코딩\컴퓨터 그래픽스 실습 예진짱 슈퍼 업그레이드버전\b577027 이재형 homework 4\b577027 이재형 homework 4\debug\b577027 .64d84e4e.tlog\link.32764-cvtres.read.1.tlog
c:\users\sophriel\onedrive - 홍익대학교\홍익대학교\코딩\컴퓨터 그래픽스 실습 예진짱 슈퍼 업그레이드버전\b577027 이재형 homework 4\b577027 이재형 homework 4\debug\b577027 .64d84e4e.tlog\link.32764-cvtres.write.1.tlog
c:\users\sophriel\onedrive - 홍익대학교\홍익대학교\코딩\컴퓨터 그래픽스 실습 예진짱 슈퍼 업그레이드버전\b577027 이재형 homework 4\b577027 이재형 homework 4\debug\b577027 .64d84e4e.tlog\link.32764-rc.read.1.tlog
c:\users\sophriel\onedrive - 홍익대학교\홍익대학교\코딩\컴퓨터 그래픽스 실습 예진짱 슈퍼 업그레이드버전\b577027 이재형 homework 4\b577027 이재형 homework 4\debug\b577027 .64d84e4e.tlog\link.32764-rc.write.1.tlog
c:\users\sophriel\onedrive - 홍익대학교\홍익대학교\코딩\컴퓨터 그래픽스 실습 예진짱 슈퍼 업그레이드버전\b577027 이재형 homework 4\b577027 이재형 homework 4\debug\b577027 .64d84e4e.tlog\link.32764.read.1.tlog
c:\users\sophriel\onedrive - 홍익대학교\홍익대학교\코딩\컴퓨터 그래픽스 실습 예진짱 슈퍼 업그레이드버전\b577027 이재형 homework 4\b577027 이재형 homework 4\debug\b577027 .64d84e4e.tlog\link.32764.write.1.tlog
c:\users\sophriel\onedrive - 홍익대학교\홍익대학교\코딩\컴퓨터 그래픽스 실습 예진짱 슈퍼 업그레이드버전\b577027 이재형 homework 4\b577027 이재형 homework 4\debug\b577027 .64d84e4e.tlog\link.command.1.tlog
c:\users\sophriel\onedrive - 홍익대학교\홍익대학교\코딩\컴퓨터 그래픽스 실습 예진짱 슈퍼 업그레이드버전\b577027 이재형 homework 4\b577027 이재형 homework 4\debug\b577027 .64d84e4e.tlog\link.read.1.tlog
c:\users\sophriel\onedrive - 홍익대학교\홍익대학교\코딩\컴퓨터 그래픽스 실습 예진짱 슈퍼 업그레이드버전\b577027 이재형 homework 4\b577027 이재형 homework 4\debug\b577027 .64d84e4e.tlog\link.write.1.tlog
